c:\users\elieb\source\repos\consoleapplication1\consoleapplication1\x64\debug\vc143.pdb
c:\users\elieb\source\repos\consoleapplication1\consoleapplication1\x64\debug\vc143.idb
c:\users\elieb\source\repos\consoleapplication1\consoleapplication1\x64\debug\feutricolorefrancais.obj
c:\users\elieb\source\repos\consoleapplication1\consoleapplication1\x64\debug\feutricoloreanglais.obj
c:\users\elieb\source\repos\consoleapplication1\consoleapplication1\x64\debug\consoleapplication1.obj
c:\users\elieb\source\repos\consoleapplication1\x64\debug\consoleapplication1.exe
c:\users\elieb\source\repos\consoleapplication1\consoleapplication1\x64\debug\consoleapplication1.ilk
c:\users\elieb\source\repos\consoleapplication1\x64\debug\consoleapplication1.pdb
c:\users\elieb\source\repos\consoleapplication1\consoleapplication1\x64\debug\consolea.1f8ecaa1.tlog\cl.command.1.tlog
c:\users\elieb\source\repos\consoleapplication1\consoleapplication1\x64\debug\consolea.1f8ecaa1.tlog\cl.read.1.tlog
c:\users\elieb\source\repos\consoleapplication1\consoleapplication1\x64\debug\consolea.1f8ecaa1.tlog\cl.write.1.tlog
c:\users\elieb\source\repos\consoleapplication1\consoleapplication1\x64\debug\consolea.1f8ecaa1.tlog\link.19624-cvtres.read.1.tlog
c:\users\elieb\source\repos\consoleapplication1\consoleapplication1\x64\debug\consolea.1f8ecaa1.tlog\link.19624-cvtres.write.1.tlog
c:\users\elieb\source\repos\consoleapplication1\consoleapplication1\x64\debug\consolea.1f8ecaa1.tlog\link.19624-rc.read.1.tlog
c:\users\elieb\source\repos\consoleapplication1\consoleapplication1\x64\debug\consolea.1f8ecaa1.tlog\link.19624-rc.write.1.tlog
c:\users\elieb\source\repos\consoleapplication1\consoleapplication1\x64\debug\consolea.1f8ecaa1.tlog\link.19624.read.1.tlog
c:\users\elieb\source\repos\consoleapplication1\consoleapplication1\x64\debug\consolea.1f8ecaa1.tlog\link.19624.read.2.tlog
c:\users\elieb\source\repos\consoleapplication1\consoleapplication1\x64\debug\consolea.1f8ecaa1.tlog\link.19624.write.1.tlog
c:\users\elieb\source\repos\consoleapplication1\consoleapplication1\x64\debug\consolea.1f8ecaa1.tlog\link.command.1.tlog
c:\users\elieb\source\repos\consoleapplication1\consoleapplication1\x64\debug\consolea.1f8ecaa1.tlog\link.read.1.tlog
c:\users\elieb\source\repos\consoleapplication1\consoleapplication1\x64\debug\consolea.1f8ecaa1.tlog\link.write.1.tlog
